2025-02-17 16:46:00,148 - utils.logger - INFO - Starting bot...
2025-02-17 16:46:00,148 - utils.logger - INFO - Starting polling...
2025-02-17 16:46:00,149 - aiogram.dispatcher - INFO - Start polling
2025-02-17 16:46:01,251 - aiogram.dispatcher - INFO - Run polling for bot @youtubemediadownloader2014bot id=8135378536 - 'YouTube Instagram Pinterest Downloader'
2025-02-17 16:46:17,929 - aiogram.event - INFO - Update id=296563400 is handled. Duration 1130 ms by bot id=8135378536
2025-02-17 16:46:20,930 - aiogram.event - INFO - Update id=296563401 is handled. Duration 366 ms by bot id=8135378536
2025-02-17 16:46:33,591 - utils.logger - INFO - Processing download request for URL: https://ru.pinterest.com/pin/489836896979084691/
2025-02-17 16:46:33,592 - utils.logger - INFO - Detected platform: pinterest
2025-02-17 16:46:33,593 - utils.logger - INFO - Начинаем загрузку пина Pinterest: https://ru.pinterest.com/pin/489836896979084691/
2025-02-17 16:46:34,740 - utils.logger - INFO - Найден URL изображения: https://i.pinimg.com/736x/c3/60/2f/c3602f48db5602599be17b901a5f9e36.jpg
2025-02-17 16:46:35,402 - utils.logger - INFO - Pinterest изображение успешно загружено: downloads/pinterest/pin_489836896979084691.jpg
2025-02-17 16:46:36,003 - utils.logger - INFO - Successfully sent file to user: downloads/pinterest/pin_489836896979084691.jpg
2025-02-17 16:46:36,003 - utils.logger - INFO - Cleaned up file: downloads/pinterest/pin_489836896979084691.jpg
2025-02-17 16:46:36,810 - aiogram.event - INFO - Update id=296563402 is handled. Duration 3536 ms by bot id=8135378536
2025-02-17 16:46:51,548 - utils.logger - INFO - Processing download request for URL: https://www.tiktok.com/@kxntanine_/video/7469391194573819143
2025-02-17 16:46:51,549 - utils.logger - INFO - Detected platform: tiktok
2025-02-17 16:46:51,549 - utils.logger - INFO - Попытка загрузки видео TikTok с ID: 7469391194573819143
2025-02-17 16:46:54,476 - utils.logger - INFO - Видео TikTok успешно загружено: downloads/tiktok/video_7469391194573819143.mp4
2025-02-17 16:46:59,152 - utils.logger - INFO - Successfully sent file to user: downloads/tiktok/video_7469391194573819143.mp4
2025-02-17 16:46:59,152 - utils.logger - INFO - Cleaned up file: downloads/tiktok/video_7469391194573819143.mp4
2025-02-17 16:46:59,775 - aiogram.event - INFO - Update id=296563403 is handled. Duration 8541 ms by bot id=8135378536
2025-02-17 16:47:11,316 - utils.logger - INFO - Processing download request for URL: https://www.youtube.com/watch?v=goBHnAbWP1Q
2025-02-17 16:47:11,317 - utils.logger - INFO - Detected platform: youtube
2025-02-17 16:47:11,317 - utils.logger - INFO - Попытка загрузки YouTube видео с ID: goBHnAbWP1Q
2025-02-17 16:47:29,588 - utils.logger - INFO - Видео с YouTube успешно загружено: downloads/youtube/goBHnAbWP1Q.mp4
2025-02-17 16:47:56,482 - utils.logger - INFO - Successfully sent file to user: downloads/youtube/goBHnAbWP1Q.mp4
2025-02-17 16:47:56,484 - utils.logger - INFO - Cleaned up file: downloads/youtube/goBHnAbWP1Q.mp4
2025-02-17 16:47:57,082 - aiogram.event - INFO - Update id=296563404 is handled. Duration 39017 ms by bot id=8135378536
2025-02-17 16:48:03,526 - aiogram.dispatcher - WARNING - Received SIGINT signal
2025-02-17 16:48:03,526 - aiogram.dispatcher - INFO - Polling stopped for bot @youtubemediadownloader2014bot id=8135378536 - 'YouTube Instagram Pinterest Downloader'
2025-02-17 16:48:03,527 - aiogram.dispatcher - INFO - Polling stopped
